<?xml version="1.0" encoding="UTF-8"?>
<testsuite name="com.tr.selenium.Tests.ContactEditTest" tests="1" skipped="0" failures="0" errors="0" timestamp="2018-03-11T20:15:24" hostname="DESKTOP-DL4VPGV" time="3.821">
  <properties/>
  <testcase name="testContactEdit" classname="com.tr.selenium.Tests.ContactEditTest" time="3.821"/>
  <system-out><![CDATA[]]></system-out>
  <system-err><![CDATA[]]></system-err>
</testsuite>
