<?xml version="1.0" encoding="UTF-8"?>
<testsuite name="com.tr.selenium.Tests.ContactCreationTest" tests="1" skipped="0" failures="0" errors="0" timestamp="2018-03-11T20:15:19" hostname="DESKTOP-DL4VPGV" time="4.101">
  <properties/>
  <testcase name="testContactCreation" classname="com.tr.selenium.Tests.ContactCreationTest" time="4.101"/>
  <system-out><![CDATA[]]></system-out>
  <system-err><![CDATA[]]></system-err>
</testsuite>
