<?xml version="1.0" encoding="UTF-8"?>
<testsuite name="com.tr.selenium.Tests.GroupModificationTest" tests="1" skipped="0" failures="0" errors="0" timestamp="2018-03-13T17:13:39" hostname="DESKTOP-DL4VPGV" time="0.896">
  <properties/>
  <testcase name="testModifGroup" classname="com.tr.selenium.Tests.GroupModificationTest" time="0.896"/>
  <system-out><![CDATA[]]></system-out>
  <system-err><![CDATA[]]></system-err>
</testsuite>
