<?xml version="1.0" encoding="UTF-8"?>
<testsuite name="com.tr.selenium.Tests.GroupDelTest" tests="1" skipped="0" failures="0" errors="0" timestamp="2018-03-13T17:13:40" hostname="DESKTOP-DL4VPGV" time="0.374">
  <properties/>
  <testcase name="testGroupDelTest" classname="com.tr.selenium.Tests.GroupDelTest" time="0.374"/>
  <system-out><![CDATA[]]></system-out>
  <system-err><![CDATA[]]></system-err>
</testsuite>
