<?xml version="1.0" encoding="UTF-8"?>
<testsuite name="com.tr.selenium.Tests.GroupModificationTest" tests="1" skipped="0" failures="0" errors="0" timestamp="2018-03-11T20:14:57" hostname="DESKTOP-DL4VPGV" time="1.007">
  <properties/>
  <testcase name="testModifGroup" classname="com.tr.selenium.Tests.GroupModificationTest" time="1.007"/>
  <system-out><![CDATA[]]></system-out>
  <system-err><![CDATA[]]></system-err>
</testsuite>
